[debug] [2022-12-31T20:47:27.074Z] ----------------------------------------------------------------------
[debug] [2022-12-31T20:47:27.077Z] Command:       C:\Program Files\nodejs\node.exe C:\Users\NATIONAL COMPUTER\AppData\Roaming\npm\node_modules\firebase-tools\lib\bin\firebase.js init
[debug] [2022-12-31T20:47:27.078Z] CLI Version:   11.15.0
[debug] [2022-12-31T20:47:27.078Z] Platform:      win32
[debug] [2022-12-31T20:47:27.079Z] Node Version:  v16.15.1
[debug] [2022-12-31T20:47:27.080Z] Time:          Sun Jan 01 2023 02:47:27 GMT+0600 (Bangladesh Standard Time)
[debug] [2022-12-31T20:47:27.080Z] ----------------------------------------------------------------------
[debug] 
[debug] [2022-12-31T20:47:27.210Z] > command requires scopes: ["email","openid","https://www.googleapis.com/auth/cloudplatformprojects.readonly","https://www.googleapis.com/auth/firebase","https://www.googleapis.com/auth/cloud-platform"]
[debug] [2022-12-31T20:47:27.211Z] > authorizing via signed-in user (sknahid68@gmail.com)
[info] 
     ######## #### ########  ######## ########     ###     ######  ########
     ##        ##  ##     ## ##       ##     ##  ##   ##  ##       ##
     ######    ##  ########  ######   ########  #########  ######  ######
     ##        ##  ##    ##  ##       ##     ## ##     ##       ## ##
     ##       #### ##     ## ######## ########  ##     ##  ######  ########

You're about to initialize a Firebase project in this directory:

  C:\programminghero\Sha-Neoyaj\sha-neoyaj

Before we get started, keep in mind:

  * You are currently outside your home directory
  * You are initializing within an existing Firebase project directory

